Start testing: Mar 16 18:50 MSK
----------------------------------------------------------
1/1 Testing: TestOpenedFile.isOpened
1/1 Test: TestOpenedFile.isOpened
Command: "/home/zaynutdin/CLionProjects/tp_cpp_hw1/build/tests/my_first_test" "--gtest_filter=TestOpenedFile.isOpened" "--gtest_also_run_disabled_tests"
Directory: /home/zaynutdin/CLionProjects/tp_cpp_hw1/build/tests
"TestOpenedFile.isOpened" start time: Mar 16 18:50 MSK
Output:
----------------------------------------------------------
Note: Google Test filter = TestOpenedFile.isOpened
[==========] Running 1 test from 1 test suite.
[----------] Global test environment set-up.
[----------] 1 test from TestOpenedFile
[ RUN      ] TestOpenedFile.isOpened
/home/zaynutdin/CLionProjects/tp_cpp_hw1/tests/tests.cpp:14: Failure
Expected: (open_file(file)) != (nullptr), actual: NULL vs (nullptr)
[  FAILED  ] TestOpenedFile.isOpened (0 ms)
[----------] 1 test from TestOpenedFile (0 ms total)

[----------] Global test environment tear-down
[==========] 1 test from 1 test suite ran. (0 ms total)
[  PASSED  ] 0 tests.
[  FAILED  ] 1 test, listed below:
[  FAILED  ] TestOpenedFile.isOpened

 1 FAILED TEST
<end of output>
Test time =   0.00 sec
----------------------------------------------------------
Test Failed.
"TestOpenedFile.isOpened" end time: Mar 16 18:50 MSK
"TestOpenedFile.isOpened" time elapsed: 00:00:00
----------------------------------------------------------

End testing: Mar 16 18:50 MSK
