Start testing: Mar 19 04:30 MSK
----------------------------------------------------------
Unable to find executable: my_first_test_NOT_BUILT
1/1 Testing: my_first_test_NOT_BUILT
1/1 Test: my_first_test_NOT_BUILT
Command: ""
Directory: /home/zaynutdin/CLionProjects/tp_cpp_hw1/build/tests
"my_first_test_NOT_BUILT" start time: 
Output:
----------------------------------------------------------
<end of output>
Test time =   0.00 sec
----------------------------------------------------------
Test Passed.
"my_first_test_NOT_BUILT" end time: Mar 19 04:30 MSK
"my_first_test_NOT_BUILT" time elapsed: 00:00:00
----------------------------------------------------------

End testing: Mar 19 04:30 MSK
